#
# There is insufficient memory for the Java Runtime Environment to continue.
# Native memory allocation (mmap) failed to map 65536 bytes for Failed to commit metaspace.
# Possible reasons:
#   The system is out of physical RAM or swap space
#   The process is running with CompressedOops enabled, and the Java Heap may be blocking the growth of the native heap
# Possible solutions:
#   Reduce memory load on the system
#   Increase physical memory or swap space
#   Check if swap backing store is full
#   Decrease Java heap size (-Xmx/-Xms)
#   Decrease number of Java threads
#   Decrease Java thread stack sizes (-Xss)
#   Set larger code cache with -XX:ReservedCodeCacheSize=
#   JVM is running with Unscaled Compressed Oops mode in which the Java heap is
#     placed in the first 4GB address space. The Java Heap base address is the
#     maximum limit for the native heap growth. Please use -XX:HeapBaseMinAddress
#     to set the Java Heap base and to place the Java Heap above 4GB virtual address.
# This output file may be truncated or incomplete.
#
#  Out of Memory Error (virtualSpaceNode.cpp:110), pid=18516, tid=18612
#
# JRE version: Java(TM) SE Runtime Environment (18.0.2.1+1) (build 18.0.2.1+1-1)
# Java VM: Java HotSpot(TM) 64-Bit Server VM (18.0.2.1+1-1, mixed mode, sharing, tiered, compressed oops, compressed class ptrs, g1 gc, windows-amd64)
# No core dump will be written. Minidumps are not enabled by default on client versions of Windows
#

---------------  S U M M A R Y ------------

Command Line: org.jetbrains.kotlin.cli.jvm.K2JVMCompiler @D:\Planny.ai\Groupathy\node_modules\react-native-safe-area-context\android\build\20230928_3985917716699205143.compiler.options

Host: AMD Ryzen 5 3550H with Radeon Vega Mobile Gfx  , 8 cores, 5G,  Windows 11 , 64 bit Build 22621 (10.0.22621.1325)
Time: Thu Sep 28 19:13:13 2023 India Standard Time elapsed time: 1.444796 seconds (0d 0h 0m 1s)

---------------  T H R E A D  ---------------

Current thread (0x000001c7d9343200):  JavaThread "main" [_thread_in_vm, id=18612, stack(0x00000060c0000000,0x00000060c0100000)]

Stack: [0x00000060c0000000,0x00000060c0100000]
Native frames: (J=compiled Java code, j=interpreted, Vv=VM code, C=native code)
V  [jvm.dll+0x6993aa]
V  [jvm.dll+0x7f46dd]
V  [jvm.dll+0x7f5fee]
V  [jvm.dll+0x7f66a3]
V  [jvm.dll+0x25cf1f]
V  [jvm.dll+0x7f03eb]
V  [jvm.dll+0x63f526]
V  [jvm.dll+0x1d75ce]
V  [jvm.dll+0x641ecb]
V  [jvm.dll+0x641cce]
V  [jvm.dll+0x63feee]
V  [jvm.dll+0x38e1f2]
V  [jvm.dll+0x1fa60b]
V  [jvm.dll+0x55dc2e]
V  [jvm.dll+0x76e943]
V  [jvm.dll+0x76ea24]
V  [jvm.dll+0x42d7b4]
V  [jvm.dll+0x4334bf]
C  [java.dll+0x17ec]

Java frames: (J=compiled Java code, j=interpreted, Vv=VM code)
J 538  java.lang.ClassLoader.defineClass1(Ljava/lang/ClassLoader;Ljava/lang/String;[BIILjava/security/ProtectionDomain;Ljava/lang/String;)Ljava/lang/Class; java.base@18.0.2.1 (0 bytes) @ 0x000001c7e8761c63 [0x000001c7e8761ba0+0x00000000000000c3]
J 534 c1 java.lang.ClassLoader.defineClass(Ljava/lang/String;[BIILjava/security/ProtectionDomain;)Ljava/lang/Class; java.base@18.0.2.1 (43 bytes) @ 0x000001c7e13008d4 [0x000001c7e1300580+0x0000000000000354]
J 484 c1 java.security.SecureClassLoader.defineClass(Ljava/lang/String;[BIILjava/security/CodeSource;)Ljava/lang/Class; java.base@18.0.2.1 (16 bytes) @ 0x000001c7e12e540c [0x000001c7e12e5340+0x00000000000000cc]
J 479 c1 jdk.internal.loader.BuiltinClassLoader.defineClass(Ljava/lang/String;Ljdk/internal/loader/Resource;)Ljava/lang/Class; java.base@18.0.2.1 (121 bytes) @ 0x000001c7e12dcb34 [0x000001c7e12db820+0x0000000000001314]
J 360 c1 jdk.internal.loader.BuiltinClassLoader.findClassOnClassPathOrNull(Ljava/lang/String;)Ljava/lang/Class; java.base@18.0.2.1 (64 bytes) @ 0x000001c7e128a034 [0x000001c7e1289360+0x0000000000000cd4]
J 215 c1 jdk.internal.loader.BuiltinClassLoader.loadClassOrNull(Ljava/lang/String;Z)Ljava/lang/Class; java.base@18.0.2.1 (143 bytes) @ 0x000001c7e12563b4 [0x000001c7e1255940+0x0000000000000a74]
J 318 c1 jdk.internal.loader.ClassLoaders$AppClassLoader.loadClass(Ljava/lang/String;Z)Ljava/lang/Class; java.base@18.0.2.1 (40 bytes) @ 0x000001c7e1274144 [0x000001c7e1273f60+0x00000000000001e4]
J 317 c1 java.lang.ClassLoader.loadClass(Ljava/lang/String;)Ljava/lang/Class; java.base@18.0.2.1 (7 bytes) @ 0x000001c7e1273c4c [0x000001c7e1273b40+0x000000000000010c]
v  ~StubRoutines::call_stub
j  kotlin.reflect.jvm.internal.impl.builtins.jvm.JvmBuiltInsPackageFragmentProvider.<init>(Lkotlin/reflect/jvm/internal/impl/storage/StorageManager;Lkotlin/reflect/jvm/internal/impl/load/kotlin/KotlinClassFinder;Lkotlin/reflect/jvm/internal/impl/descriptors/ModuleDescriptor;Lkotlin/reflect/jvm/internal/impl/descriptors/NotFoundClasses;Lkotlin/reflect/jvm/internal/impl/descriptors/deserialization/AdditionalClassPartsProvider;Lkotlin/reflect/jvm/internal/impl/descriptors/deserialization/PlatformDependentDeclarationFilter;Lkotlin/reflect/jvm/internal/impl/serialization/deserialization/DeserializationConfiguration;Lkotlin/reflect/jvm/internal/impl/types/checker/NewKotlinTypeChecker;Lkotlin/reflect/jvm/internal/impl/resolve/sam/SamConversionResolver;)V+80
j  kotlin.reflect.jvm.internal.impl.load.kotlin.DeserializationComponentsForJava$Companion.createModuleData(Lkotlin/reflect/jvm/internal/impl/load/kotlin/KotlinClassFinder;Lkotlin/reflect/jvm/internal/impl/load/kotlin/KotlinClassFinder;Lkotlin/reflect/jvm/internal/impl/load/java/JavaClassFinder;Ljava/lang/String;Lkotlin/reflect/jvm/internal/impl/serialization/deserialization/ErrorReporter;Lkotlin/reflect/jvm/internal/impl/load/java/sources/JavaSourceElementFactory;)Lkotlin/reflect/jvm/internal/impl/load/kotlin/DeserializationComponentsForJava$Companion$ModuleData;+343
j  kotlin.reflect.jvm.internal.impl.descriptors.runtime.components.RuntimeModuleData$Companion.create(Ljava/lang/ClassLoader;)Lkotlin/reflect/jvm/internal/impl/descriptors/runtime/components/RuntimeModuleData;+85
j  kotlin.reflect.jvm.internal.ModuleByClassLoaderKt.getOrCreateModule(Ljava/lang/Class;)Lkotlin/reflect/jvm/internal/impl/descriptors/runtime/components/RuntimeModuleData;+72
j  kotlin.reflect.jvm.internal.KDeclarationContainerImpl$Data$moduleData$2.invoke()Lkotlin/reflect/jvm/internal/impl/descriptors/runtime/components/RuntimeModuleData;+7
j  kotlin.reflect.jvm.internal.KDeclarationContainerImpl$Data$moduleData$2.invoke()Ljava/lang/Object;+1
j  kotlin.reflect.jvm.internal.ReflectProperties$LazySoftVal.invoke()Ljava/lang/Object;+28
j  kotlin.reflect.jvm.internal.ReflectProperties$Val.getValue(Ljava/lang/Object;Ljava/lang/Object;)Ljava/lang/Object;+1
j  kotlin.reflect.jvm.internal.KDeclarationContainerImpl$Data.getModuleData()Lkotlin/reflect/jvm/internal/impl/descriptors/runtime/components/RuntimeModuleData;+10
j  kotlin.reflect.jvm.internal.KClassImpl$Data$descriptor$2.invoke()Lkotlin/reflect/jvm/internal/impl/descriptors/ClassDescriptor;+21
j  kotlin.reflect.jvm.internal.KClassImpl$Data$descriptor$2.invoke()Ljava/lang/Object;+1
j  kotlin.reflect.jvm.internal.ReflectProperties$LazySoftVal.invoke()Ljava/lang/Object;+28
j  kotlin.reflect.jvm.internal.ReflectProperties$Val.getValue(Ljava/lang/Object;Ljava/lang/Object;)Ljava/lang/Object;+1
j  kotlin.reflect.jvm.internal.KClassImpl$Data.getDescriptor()Lkotlin/reflect/jvm/internal/impl/descriptors/ClassDescriptor;+10
j  kotlin.reflect.jvm.internal.KClassImpl.getDescriptor()Lkotlin/reflect/jvm/internal/impl/descriptors/ClassDescriptor;+10
j  kotlin.reflect.jvm.internal.KClassImpl.getMemberScope$kotlin_reflection()Lkotlin/reflect/jvm/internal/impl/resolve/scopes/MemberScope;+1
j  kotlin.reflect.jvm.internal.KClassImpl$Data$declaredNonStaticMembers$2.invoke()Ljava/util/Collection;+8
j  kotlin.reflect.jvm.internal.KClassImpl$Data$declaredNonStaticMembers$2.invoke()Ljava/lang/Object;+1
j  kotlin.reflect.jvm.internal.ReflectProperties$LazySoftVal.invoke()Ljava/lang/Object;+28
j  kotlin.reflect.jvm.internal.ReflectProperties$Val.getValue(Ljava/lang/Object;Ljava/lang/Object;)Ljava/lang/Object;+1
j  kotlin.reflect.jvm.internal.KClassImpl$Data.getDeclaredNonStaticMembers()Ljava/util/Collection;+11
j  kotlin.reflect.jvm.internal.KClassImpl$Data$allNonStaticMembers$2.invoke()Ljava/util/List;+4
j  kotlin.reflect.jvm.internal.KClassImpl$Data$allNonStaticMembers$2.invoke()Ljava/lang/Object;+1
j  kotlin.reflect.jvm.internal.ReflectProperties$LazySoftVal.invoke()Ljava/lang/Object;+28
j  kotlin.reflect.jvm.internal.ReflectProperties$Val.getValue(Ljava/lang/Object;Ljava/lang/Object;)Ljava/lang/Object;+1
j  kotlin.reflect.jvm.internal.KClassImpl$Data.getAllNonStaticMembers()Ljava/util/Collection;+11
j  kotlin.reflect.full.KClasses.getMemberProperties(Lkotlin/reflect/KClass;)Ljava/util/Collection;+19
j  org.jetbrains.kotlin.cli.common.arguments.ParseCommandLineArgumentsKt.parsePreprocessedCommandLineArguments(Ljava/util/List;Lorg/jetbrains/kotlin/cli/common/arguments/CommonToolArguments;Lorg/jetbrains/kotlin/cli/common/arguments/ArgumentParseErrors;)V+7
j  org.jetbrains.kotlin.cli.common.arguments.ParseCommandLineArgumentsKt.parseCommandLineArguments(Ljava/util/List;Lorg/jetbrains/kotlin/cli/common/arguments/CommonToolArguments;)V+68
j  org.jetbrains.kotlin.cli.common.CLITool.exec(Ljava/io/PrintStream;Lorg/jetbrains/kotlin/config/Services;Lorg/jetbrains/kotlin/cli/common/messages/MessageRenderer;[Ljava/lang/String;)Lorg/jetbrains/kotlin/cli/common/ExitCode;+38
j  org.jetbrains.kotlin.cli.common.CLITool.exec(Ljava/io/PrintStream;Lorg/jetbrains/kotlin/cli/common/messages/MessageRenderer;[Ljava/lang/String;)Lorg/jetbrains/kotlin/cli/common/ExitCode;+25
j  org.jetbrains.kotlin.cli.common.CLITool$Companion.doMainNoExit(Lorg/jetbrains/kotlin/cli/common/CLITool;[Ljava/lang/String;Lorg/jetbrains/kotlin/cli/common/messages/MessageRenderer;)Lorg/jetbrains/kotlin/cli/common/ExitCode;+39
j  org.jetbrains.kotlin.cli.common.CLITool$Companion.doMainNoExit$default(Lorg/jetbrains/kotlin/cli/common/CLITool$Companion;Lorg/jetbrains/kotlin/cli/common/CLITool;[Ljava/lang/String;Lorg/jetbrains/kotlin/cli/common/messages/MessageRenderer;ILjava/lang/Object;)Lorg/jetbrains/kotlin/cli/common/ExitCode;+16
j  org.jetbrains.kotlin.cli.common.CLITool$Companion.doMain(Lorg/jetbrains/kotlin/cli/common/CLITool;[Ljava/lang/String;)V+57
j  org.jetbrains.kotlin.cli.jvm.K2JVMCompiler$Companion.main([Ljava/lang/String;)V+20
j  org.jetbrains.kotlin.cli.jvm.K2JVMCompiler.main([Ljava/lang/String;)V+4
v  ~StubRoutines::call_stub

---------------  P R O C E S S  ---------------

Threads class SMR info:
_java_thread_list=0x000001c7fa7a1c70, length=12, elements={
0x000001c7d9343200, 0x000001c7f6171650, 0x000001c7f61767a0, 0x000001c7f618bcf0,
0x000001c7f618c690, 0x000001c7f618d030, 0x000001c7f618d9d0, 0x000001c7f61ae6b0,
0x000001c7f61b3370, 0x000001c7f61b7900, 0x000001c7fa49ee00, 0x000001c7fa4a92f0
}

Java Threads: ( => current thread )
=>0x000001c7d9343200 JavaThread "main" [_thread_in_vm, id=18612, stack(0x00000060c0000000,0x00000060c0100000)]
  0x000001c7f6171650 JavaThread "Reference Handler" daemon [_thread_blocked, id=18644, stack(0x00000060c0700000,0x00000060c0800000)]
  0x000001c7f61767a0 JavaThread "Finalizer" daemon [_thread_blocked, id=18648, stack(0x00000060c0800000,0x00000060c0900000)]
  0x000001c7f618bcf0 JavaThread "Signal Dispatcher" daemon [_thread_blocked, id=18676, stack(0x00000060c0900000,0x00000060c0a00000)]
  0x000001c7f618c690 JavaThread "Attach Listener" daemon [_thread_blocked, id=18680, stack(0x00000060c0a00000,0x00000060c0b00000)]
  0x000001c7f618d030 JavaThread "Service Thread" daemon [_thread_blocked, id=18684, stack(0x00000060c0b00000,0x00000060c0c00000)]
  0x000001c7f618d9d0 JavaThread "Monitor Deflation Thread" daemon [_thread_blocked, id=18688, stack(0x00000060c0c00000,0x00000060c0d00000)]
  0x000001c7f61ae6b0 JavaThread "C2 CompilerThread0" daemon [_thread_blocked, id=18692, stack(0x00000060c0d00000,0x00000060c0e00000)]
  0x000001c7f61b3370 JavaThread "C1 CompilerThread0" daemon [_thread_blocked, id=18704, stack(0x00000060c0e00000,0x00000060c0f00000)]
  0x000001c7f61b7900 JavaThread "Sweeper thread" daemon [_thread_blocked, id=18708, stack(0x00000060c0f00000,0x00000060c1000000)]
  0x000001c7fa49ee00 JavaThread "Notification Thread" daemon [_thread_blocked, id=18740, stack(0x00000060c1000000,0x00000060c1100000)]
  0x000001c7fa4a92f0 JavaThread "Common-Cleaner" daemon [_thread_blocked, id=18748, stack(0x00000060c1200000,0x00000060c1300000)]

Other Threads:
  0x000001c7f616a630 VMThread "VM Thread" [stack: 0x00000060c0600000,0x00000060c0700000] [id=18640]
  0x000001c7fa430c10 WatcherThread "VM Periodic Task Thread" [stack: 0x00000060c1100000,0x00000060c1200000] [id=18744]
  0x000001c7d9394b90 WorkerThread "GC Thread#0" [stack: 0x00000060c0100000,0x00000060c0200000] [id=18620]
  0x000001c7d93a1700 ConcurrentGCThread "G1 Main Marker" [stack: 0x00000060c0200000,0x00000060c0300000] [id=18624]
  0x000001c7d93a20f0 WorkerThread "G1 Conc#0" [stack: 0x00000060c0300000,0x00000060c0400000] [id=18628]
  0x000001c7d93e52e0 ConcurrentGCThread "G1 Refine#0" [stack: 0x00000060c0400000,0x00000060c0500000] [id=18632]
  0x000001c7d93e6aa0 ConcurrentGCThread "G1 Service" [stack: 0x00000060c0500000,0x00000060c0600000] [id=18636]

Threads with active compile tasks:

VM state: not at safepoint (normal execution)

VM Mutex/Monitor currently owned by a thread:  ([mutex/lock_event])
[0x000001c7d93313c0] Metaspace_lock - owner thread: 0x000001c7d9343200

Heap address: 0x00000000a1e00000, size: 1506 MB, Compressed Oops mode: 32-bit

CDS archive(s) mapped at: [0x0000000800000000-0x0000000800ba0000-0x0000000800ba0000), size 12189696, SharedBaseAddress: 0x0000000800000000, ArchiveRelocationMode: 0.
Compressed class space mapped at: 0x0000000800c00000-0x0000000840c00000, reserved size: 1073741824
Narrow klass base: 0x0000000800000000, Narrow klass shift: 0, Narrow klass range: 0x100000000

GC Precious Log:
 CardTable entry size: 512
 Card Set container configuration: InlinePtr #cards 5 size 8 Array Of Cards #cards 12 size 40 Howl #buckets 4 coarsen threshold 1843 Howl Bitmap #cards 512 size 80 coarsen threshold 460 Card regions per heap region 1 cards per card region 2048
 CPUs: 8 total, 8 available
 Memory: 6019M
 Large Page Support: Disabled
 NUMA Support: Disabled
 Compressed Oops: Enabled (32-bit)
 Heap Region Size: 1M
 Heap Min Capacity: 8M
 Heap Initial Capacity: 96M
 Heap Max Capacity: 1506M
 Pre-touch: Disabled
 Parallel Workers: 8
 Concurrent Workers: 2
 Concurrent Refinement Workers: 8
 Periodic GC: Disabled

Heap:
 garbage-first heap   total 98304K, used 20480K [0x00000000a1e00000, 0x0000000100000000)
  region size 1024K, 18 young (18432K), 0 survivors (0K)
 Metaspace       used 5246K, committed 5376K, reserved 1114112K
  class space    used 484K, committed 512K, reserved 1048576K

Heap Regions: E=young(eden), S=young(survivor), O=old, HS=humongous(starts), HC=humongous(continues), CS=collection set, F=free, OA=open archive, CA=closed archive, TAMS=top-at-mark-start (previous, next)
|   0|0x00000000a1e00000, 0x00000000a1f00000, 0x00000000a1f00000|100%|HS|  |TAMS 0x00000000a1e00000, 0x00000000a1e00000| Complete 
|   1|0x00000000a1f00000, 0x00000000a2000000, 0x00000000a2000000|100%|HC|  |TAMS 0x00000000a1f00000, 0x00000000a1f00000| Complete 
|   2|0x00000000a2000000, 0x00000000a2100000, 0x00000000a2100000|100%|HC|  |TAMS 0x00000000a2000000, 0x00000000a2000000| Complete 
|   3|0x00000000a2100000, 0x00000000a2200000, 0x00000000a2200000|100%|HS|  |TAMS 0x00000000a2100000, 0x00000000a2100000| Complete 
|   4|0x00000000a2200000, 0x00000000a2200000, 0x00000000a2300000|  0%| F|  |TAMS 0x00000000a2200000, 0x00000000a2200000| Untracked 
|   5|0x00000000a2300000, 0x00000000a2300000, 0x00000000a2400000|  0%| F|  |TAMS 0x00000000a2300000, 0x00000000a2300000| Untracked 
|   6|0x00000000a2400000, 0x00000000a2400000, 0x00000000a2500000|  0%| F|  |TAMS 0x00000000a2400000, 0x00000000a2400000| Untracked 
|   7|0x00000000a2500000, 0x00000000a2500000, 0x00000000a2600000|  0%| F|  |TAMS 0x00000000a2500000, 0x00000000a2500000| Untracked 
|   8|0x00000000a2600000, 0x00000000a2600000, 0x00000000a2700000|  0%| F|  |TAMS 0x00000000a2600000, 0x00000000a2600000| Untracked 
|   9|0x00000000a2700000, 0x00000000a2700000, 0x00000000a2800000|  0%| F|  |TAMS 0x00000000a2700000, 0x00000000a2700000| Untracked 
|  10|0x00000000a2800000, 0x00000000a2800000, 0x00000000a2900000|  0%| F|  |TAMS 0x00000000a2800000, 0x00000000a2800000| Untracked 
|  11|0x00000000a2900000, 0x00000000a2900000, 0x00000000a2a00000|  0%| F|  |TAMS 0x00000000a2900000, 0x00000000a2900000| Untracked 
|  12|0x00000000a2a00000, 0x00000000a2a00000, 0x00000000a2b00000|  0%| F|  |TAMS 0x00000000a2a00000, 0x00000000a2a00000| Untracked 
|  13|0x00000000a2b00000, 0x00000000a2b00000, 0x00000000a2c00000|  0%| F|  |TAMS 0x00000000a2b00000, 0x00000000a2b00000| Untracked 
|  14|0x00000000a2c00000, 0x00000000a2c00000, 0x00000000a2d00000|  0%| F|  |TAMS 0x00000000a2c00000, 0x00000000a2c00000| Untracked 
|  15|0x00000000a2d00000, 0x00000000a2d00000, 0x00000000a2e00000|  0%| F|  |TAMS 0x00000000a2d00000, 0x00000000a2d00000| Untracked 
|  16|0x00000000a2e00000, 0x00000000a2e00000, 0x00000000a2f00000|  0%| F|  |TAMS 0x00000000a2e00000, 0x00000000a2e00000| Untracked 
|  17|0x00000000a2f00000, 0x00000000a2f00000, 0x00000000a3000000|  0%| F|  |TAMS 0x00000000a2f00000, 0x00000000a2f00000| Untracked 
|  18|0x00000000a3000000, 0x00000000a3000000, 0x00000000a3100000|  0%| F|  |TAMS 0x00000000a3000000, 0x00000000a3000000| Untracked 
|  19|0x00000000a3100000, 0x00000000a3100000, 0x00000000a3200000|  0%| F|  |TAMS 0x00000000a3100000, 0x00000000a3100000| Untracked 
|  20|0x00000000a3200000, 0x00000000a3200000, 0x00000000a3300000|  0%| F|  |TAMS 0x00000000a3200000, 0x00000000a3200000| Untracked 
|  21|0x00000000a3300000, 0x00000000a3300000, 0x00000000a3400000|  0%| F|  |TAMS 0x00000000a3300000, 0x00000000a3300000| Untracked 
|  22|0x00000000a3400000, 0x00000000a3400000, 0x00000000a3500000|  0%| F|  |TAMS 0x00000000a3400000, 0x00000000a3400000| Untracked 
|  23|0x00000000a3500000, 0x00000000a3500000, 0x00000000a3600000|  0%| F|  |TAMS 0x00000000a3500000, 0x00000000a3500000| Untracked 
|  24|0x00000000a3600000, 0x00000000a3600000, 0x00000000a3700000|  0%| F|  |TAMS 0x00000000a3600000, 0x00000000a3600000| Untracked 
|  25|0x00000000a3700000, 0x00000000a3700000, 0x00000000a3800000|  0%| F|  |TAMS 0x00000000a3700000, 0x00000000a3700000| Untracked 
|  26|0x00000000a3800000, 0x00000000a3800000, 0x00000000a3900000|  0%| F|  |TAMS 0x00000000a3800000, 0x00000000a3800000| Untracked 
|  27|0x00000000a3900000, 0x00000000a3900000, 0x00000000a3a00000|  0%| F|  |TAMS 0x00000000a3900000, 0x00000000a3900000| Untracked 
|  28|0x00000000a3a00000, 0x00000000a3a00000, 0x00000000a3b00000|  0%| F|  |TAMS 0x00000000a3a00000, 0x00000000a3a00000| Untracked 
|  29|0x00000000a3b00000, 0x00000000a3b00000, 0x00000000a3c00000|  0%| F|  |TAMS 0x00000000a3b00000, 0x00000000a3b00000| Untracked 
|  30|0x00000000a3c00000, 0x00000000a3c00000, 0x00000000a3d00000|  0%| F|  |TAMS 0x00000000a3c00000, 0x00000000a3c00000| Untracked 
|  31|0x00000000a3d00000, 0x00000000a3d00000, 0x00000000a3e00000|  0%| F|  |TAMS 0x00000000a3d00000, 0x00000000a3d00000| Untracked 
|  32|0x00000000a3e00000, 0x00000000a3e00000, 0x00000000a3f00000|  0%| F|  |TAMS 0x00000000a3e00000, 0x00000000a3e00000| Untracked 
|  33|0x00000000a3f00000, 0x00000000a3f00000, 0x00000000a4000000|  0%| F|  |TAMS 0x00000000a3f00000, 0x00000000a3f00000| Untracked 
|  34|0x00000000a4000000, 0x00000000a4000000, 0x00000000a4100000|  0%| F|  |TAMS 0x00000000a4000000, 0x00000000a4000000| Untracked 
|  35|0x00000000a4100000, 0x00000000a4100000, 0x00000000a4200000|  0%| F|  |TAMS 0x00000000a4100000, 0x00000000a4100000| Untracked 
|  36|0x00000000a4200000, 0x00000000a4200000, 0x00000000a4300000|  0%| F|  |TAMS 0x00000000a4200000, 0x00000000a4200000| Untracked 
|  37|0x00000000a4300000, 0x00000000a4300000, 0x00000000a4400000|  0%| F|  |TAMS 0x00000000a4300000, 0x00000000a4300000| Untracked 
|  38|0x00000000a4400000, 0x00000000a4400000, 0x00000000a4500000|  0%| F|  |TAMS 0x00000000a4400000, 0x00000000a4400000| Untracked 
|  39|0x00000000a4500000, 0x00000000a4500000, 0x00000000a4600000|  0%| F|  |TAMS 0x00000000a4500000, 0x00000000a4500000| Untracked 
|  40|0x00000000a4600000, 0x00000000a4600000, 0x00000000a4700000|  0%| F|  |TAMS 0x00000000a4600000, 0x00000000a4600000| Untracked 
|  41|0x00000000a4700000, 0x00000000a4700000, 0x00000000a4800000|  0%| F|  |TAMS 0x00000000a4700000, 0x00000000a4700000| Untracked 
|  42|0x00000000a4800000, 0x00000000a4800000, 0x00000000a4900000|  0%| F|  |TAMS 0x00000000a4800000, 0x00000000a4800000| Untracked 
|  43|0x00000000a4900000, 0x00000000a4900000, 0x00000000a4a00000|  0%| F|  |TAMS 0x00000000a4900000, 0x00000000a4900000| Untracked 
|  44|0x00000000a4a00000, 0x00000000a4a00000, 0x00000000a4b00000|  0%| F|  |TAMS 0x00000000a4a00000, 0x00000000a4a00000| Untracked 
|  45|0x00000000a4b00000, 0x00000000a4b00000, 0x00000000a4c00000|  0%| F|  |TAMS 0x00000000a4b00000, 0x00000000a4b00000| Untracked 
|  46|0x00000000a4c00000, 0x00000000a4c00000, 0x00000000a4d00000|  0%| F|  |TAMS 0x00000000a4c00000, 0x00000000a4c00000| Untracked 
|  47|0x00000000a4d00000, 0x00000000a4d00000, 0x00000000a4e00000|  0%| F|  |TAMS 0x00000000a4d00000, 0x00000000a4d00000| Untracked 
|  48|0x00000000a4e00000, 0x00000000a4e00000, 0x00000000a4f00000|  0%| F|  |TAMS 0x00000000a4e00000, 0x00000000a4e00000| Untracked 
|  49|0x00000000a4f00000, 0x00000000a4f00000, 0x00000000a5000000|  0%| F|  |TAMS 0x00000000a4f00000, 0x00000000a4f00000| Untracked 
|  50|0x00000000a5000000, 0x00000000a5000000, 0x00000000a5100000|  0%| F|  |TAMS 0x00000000a5000000, 0x00000000a5000000| Untracked 
|  51|0x00000000a5100000, 0x00000000a5100000, 0x00000000a5200000|  0%| F|  |TAMS 0x00000000a5100000, 0x00000000a5100000| Untracked 
|  52|0x00000000a5200000, 0x00000000a5200000, 0x00000000a5300000|  0%| F|  |TAMS 0x00000000a5200000, 0x00000000a5200000| Untracked 
|  53|0x00000000a5300000, 0x00000000a5300000, 0x00000000a5400000|  0%| F|  |TAMS 0x00000000a5300000, 0x00000000a5300000| Untracked 
|  54|0x00000000a5400000, 0x00000000a5400000, 0x00000000a5500000|  0%| F|  |TAMS 0x00000000a5400000, 0x00000000a5400000| Untracked 
|  55|0x00000000a5500000, 0x00000000a5500000, 0x00000000a5600000|  0%| F|  |TAMS 0x00000000a5500000, 0x00000000a5500000| Untracked 
|  56|0x00000000a5600000, 0x00000000a5600000, 0x00000000a5700000|  0%| F|  |TAMS 0x00000000a5600000, 0x00000000a5600000| Untracked 
|  57|0x00000000a5700000, 0x00000000a5700000, 0x00000000a5800000|  0%| F|  |TAMS 0x00000000a5700000, 0x00000000a5700000| Untracked 
|  58|0x00000000a5800000, 0x00000000a5800000, 0x00000000a5900000|  0%| F|  |TAMS 0x00000000a5800000, 0x00000000a5800000| Untracked 
|  59|0x00000000a5900000, 0x00000000a5900000, 0x00000000a5a00000|  0%| F|  |TAMS 0x00000000a5900000, 0x00000000a5900000| Untracked 
|  60|0x00000000a5a00000, 0x00000000a5a00000, 0x00000000a5b00000|  0%| F|  |TAMS 0x00000000a5a00000, 0x00000000a5a00000| Untracked 
|  61|0x00000000a5b00000, 0x00000000a5b00000, 0x00000000a5c00000|  0%| F|  |TAMS 0x00000000a5b00000, 0x00000000a5b00000| Untracked 
|  62|0x00000000a5c00000, 0x00000000a5c00000, 0x00000000a5d00000|  0%| F|  |TAMS 0x00000000a5c00000, 0x00000000a5c00000| Untracked 
|  63|0x00000000a5d00000, 0x00000000a5d00000, 0x00000000a5e00000|  0%| F|  |TAMS 0x00000000a5d00000, 0x00000000a5d00000| Untracked 
|  64|0x00000000a5e00000, 0x00000000a5e00000, 0x00000000a5f00000|  0%| F|  |TAMS 0x00000000a5e00000, 0x00000000a5e00000| Untracked 
|  65|0x00000000a5f00000, 0x00000000a5f00000, 0x00000000a6000000|  0%| F|  |TAMS 0x00000000a5f00000, 0x00000000a5f00000| Untracked 
|  66|0x00000000a6000000, 0x00000000a6000000, 0x00000000a6100000|  0%| F|  |TAMS 0x00000000a6000000, 0x00000000a6000000| Untracked 
|  67|0x00000000a6100000, 0x00000000a6100000, 0x00000000a6200000|  0%| F|  |TAMS 0x00000000a6100000, 0x00000000a6100000| Untracked 
|  68|0x00000000a6200000, 0x00000000a6200000, 0x00000000a6300000|  0%| F|  |TAMS 0x00000000a6200000, 0x00000000a6200000| Untracked 
|  69|0x00000000a6300000, 0x00000000a6300000, 0x00000000a6400000|  0%| F|  |TAMS 0x00000000a6300000, 0x00000000a6300000| Untracked 
|  70|0x00000000a6400000, 0x00000000a6400000, 0x00000000a6500000|  0%| F|  |TAMS 0x00000000a6400000, 0x00000000a6400000| Untracked 
|  71|0x00000000a6500000, 0x00000000a6500000, 0x00000000a6600000|  0%| F|  |TAMS 0x00000000a6500000, 0x00000000a6500000| Untracked 
|  72|0x00000000a6600000, 0x00000000a6600000, 0x00000000a6700000|  0%| F|  |TAMS 0x00000000a6600000, 0x00000000a6600000| Untracked 
|  73|0x00000000a6700000, 0x00000000a6700000, 0x00000000a6800000|  0%| F|  |TAMS 0x00000000a6700000, 0x00000000a6700000| Untracked 
|  74|0x00000000a6800000, 0x00000000a6800000, 0x00000000a6900000|  0%| F|  |TAMS 0x00000000a6800000, 0x00000000a6800000| Untracked 
|  75|0x00000000a6900000, 0x00000000a6900000, 0x00000000a6a00000|  0%| F|  |TAMS 0x00000000a6900000, 0x00000000a6900000| Untracked 
|  76|0x00000000a6a00000, 0x00000000a6a00000, 0x00000000a6b00000|  0%| F|  |TAMS 0x00000000a6a00000, 0x00000000a6a00000| Untracked 
|  77|0x00000000a6b00000, 0x00000000a6b00000, 0x00000000a6c00000|  0%| F|  |TAMS 0x00000000a6b00000, 0x00000000a6b00000| Untracked 
|  78|0x00000000a6c00000, 0x00000000a6d00000, 0x00000000a6d00000|100%| E|  |TAMS 0x00000000a6c00000, 0x00000000a6c00000| Complete 
|  79|0x00000000a6d00000, 0x00000000a6e00000, 0x00000000a6e00000|100%| E|CS|TAMS 0x00000000a6d00000, 0x00000000a6d00000| Complete 
|  80|0x00000000a6e00000, 0x00000000a6f00000, 0x00000000a6f00000|100%| E|CS|TAMS 0x00000000a6e00000, 0x00000000a6e00000| Complete 
|  81|0x00000000a6f00000, 0x00000000a7000000, 0x00000000a7000000|100%| E|  |TAMS 0x00000000a6f00000, 0x00000000a6f00000| Complete 
|  82|0x00000000a7000000, 0x00000000a7100000, 0x00000000a7100000|100%| E|CS|TAMS 0x00000000a7000000, 0x00000000a7000000| Complete 
|  83|0x00000000a7100000, 0x00000000a7200000, 0x00000000a7200000|100%| E|CS|TAMS 0x00000000a7100000, 0x00000000a7100000| Complete 
|  84|0x00000000a7200000, 0x00000000a7300000, 0x00000000a7300000|100%| E|CS|TAMS 0x00000000a7200000, 0x00000000a7200000| Complete 
|  85|0x00000000a7300000, 0x00000000a7400000, 0x00000000a7400000|100%| E|CS|TAMS 0x00000000a7300000, 0x00000000a7300000| Complete 
|  86|0x00000000a7400000, 0x00000000a7500000, 0x00000000a7500000|100%| E|CS|TAMS 0x00000000a7400000, 0x00000000a7400000| Complete 
|  87|0x00000000a7500000, 0x00000000a7600000, 0x00000000a7600000|100%| E|CS|TAMS 0x00000000a7500000, 0x00000000a7500000| Complete 
|  88|0x00000000a7600000, 0x00000000a7700000, 0x00000000a7700000|100%| E|CS|TAMS 0x00000000a7600000, 0x00000000a7600000| Complete 
|  89|0x00000000a7700000, 0x00000000a7800000, 0x00000000a7800000|100%| E|CS|TAMS 0x00000000a7700000, 0x00000000a7700000| Complete 
|  90|0x00000000a7800000, 0x00000000a7900000, 0x00000000a7900000|100%| E|CS|TAMS 0x00000000a7800000, 0x00000000a7800000| Complete 
|  91|0x00000000a7900000, 0x00000000a7a00000, 0x00000000a7a00000|100%| E|CS|TAMS 0x00000000a7900000, 0x00000000a7900000| Complete 
|  92|0x00000000a7a00000, 0x00000000a7b00000, 0x00000000a7b00000|100%| E|CS|TAMS 0x00000000a7a00000, 0x00000000a7a00000| Complete 
|  93|0x00000000a7b00000, 0x00000000a7c00000, 0x00000000a7c00000|100%| E|CS|TAMS 0x00000000a7b00000, 0x00000000a7b00000| Complete 
|  94|0x00000000a7c00000, 0x00000000a7d00000, 0x00000000a7d00000|100%| E|CS|TAMS 0x00000000a7c00000, 0x00000000a7c00000| Complete 
|  95|0x00000000a7d00000, 0x00000000a7e00000, 0x00000000a7e00000|100%| E|CS|TAMS 0x00000000a7d00000, 0x00000000a7d00000| Complete 

Card table byte_map: [0x000001c7f02a0000,0x000001c7f05a0000] _byte_map_base: 0x000001c7efd91000

Marking Bits (Prev, Next): (CMBitMap*) 0x000001c7d9395190, (CMBitMap*) 0x000001c7d93951d0
 Prev Bits: [0x000001c7f08a0000, 0x000001c7f2028000)
 Next Bits: [0x000001c7f2030000, 0x000001c7f37b8000)

Polling page: 0x000001c7d72d0000

Metaspace:

Usage:
  Non-class:      4.65 MB used.
      Class:    484.84 KB used.
       Both:      5.12 MB used.

Virtual space:
  Non-class space:       64.00 MB reserved,       4.75 MB (  7%) committed,  1 nodes.
      Class space:        1.00 GB reserved,     512.00 KB ( <1%) committed,  1 nodes.
             Both:        1.06 GB reserved,       5.25 MB ( <1%) committed. 

Chunk freelists:
   Non-Class:  48.00 KB
       Class:  3.30 MB
        Both:  3.34 MB

MaxMetaspaceSize: unlimited
CompressedClassSpaceSize: 1.00 GB
Initial GC threshold: 21.00 MB
Current GC threshold: 21.00 MB
CDS: on
MetaspaceReclaimPolicy: balanced
 - commit_granule_bytes: 65536.
 - commit_granule_words: 8192.
 - virtual_space_node_default_size: 8388608.
 - enlarge_chunks_in_place: 1.
 - new_chunks_are_fully_committed: 0.
 - uncommit_free_chunks: 1.
 - use_allocation_guard: 0.


Internal statistics:

num_allocs_failed_limit: 0.
num_arena_births: 10.
num_arena_deaths: 0.
num_vsnodes_births: 2.
num_vsnodes_deaths: 0.
num_space_committed: 84.
num_space_uncommitted: 0.
num_chunks_returned_to_freelist: 0.
num_chunks_taken_from_freelist: 164.
num_chunk_merges: 0.
num_chunk_splits: 145.
num_chunks_enlarged: 141.
num_inconsistent_stats: 0.

CodeHeap 'non-profiled nmethods': size=120000Kb used=144Kb max_used=144Kb free=119855Kb
 bounds [0x000001c7e8740000, 0x000001c7e89b0000, 0x000001c7efc70000]
CodeHeap 'profiled nmethods': size=120000Kb used=989Kb max_used=989Kb free=119011Kb
 bounds [0x000001c7e1210000, 0x000001c7e1480000, 0x000001c7e8740000]
CodeHeap 'non-nmethods': size=5760Kb used=1155Kb max_used=1170Kb free=4605Kb
 bounds [0x000001c7e0c70000, 0x000001c7e0ee0000, 0x000001c7e1210000]
 total_blobs=982 nmethods=553 adapters=342
 compilation: enabled
              stopped_count=0, restarted_count=0
 full_count=0

Compilation events (20 events):
Event: 1.310 Thread 0x000001c7f61b3370 nmethod 542 0x000001c7e1304210 code [0x000001c7e13043e0, 0x000001c7e13047b8]
Event: 1.310 Thread 0x000001c7f61ae6b0 nmethod 543 0x000001c7e8762310 code [0x000001c7e8762480, 0x000001c7e87624f8]
Event: 1.345 Thread 0x000001c7f61ae6b0  544       4       java.lang.StringCoding::hasNegatives (25 bytes)
Event: 1.349 Thread 0x000001c7f61ae6b0 nmethod 544 0x000001c7e8762610 code [0x000001c7e8762780, 0x000001c7e8762978]
Event: 1.349 Thread 0x000001c7f61b3370  545       3       java.util.concurrent.ConcurrentHashMap$Node::<init> (14 bytes)
Event: 1.350 Thread 0x000001c7f61b3370 nmethod 545 0x000001c7e1304990 code [0x000001c7e1304b40, 0x000001c7e1304e38]
Event: 1.351 Thread 0x000001c7f61ae6b0  547       4       java.lang.CharacterDataLatin1::toUpperCase (53 bytes)
Event: 1.355 Thread 0x000001c7f61ae6b0 nmethod 547 0x000001c7e8762e90 code [0x000001c7e8763000, 0x000001c7e87630f8]
Event: 1.365 Thread 0x000001c7f61ae6b0  548 %     4       java.lang.StringLatin1::indexOf @ 30 (121 bytes)
Event: 1.375 Thread 0x000001c7f61ae6b0 nmethod 548% 0x000001c7e8763210 code [0x000001c7e87633a0, 0x000001c7e8763798]
Event: 1.375 Thread 0x000001c7f61ae6b0  549 %     4       sun.net.www.ParseUtil::firstEncodeIndex @ 7 (86 bytes)
Event: 1.379 Thread 0x000001c7f61ae6b0 nmethod 549% 0x000001c7e8763990 code [0x000001c7e8763b20, 0x000001c7e8763d68]
Event: 1.383 Thread 0x000001c7f61b3370  550       3       java.lang.Number::<init> (5 bytes)
Event: 1.383 Thread 0x000001c7f61b3370 nmethod 550 0x000001c7e1304f10 code [0x000001c7e13050a0, 0x000001c7e13051f8]
Event: 1.383 Thread 0x000001c7f61b3370  551       3       java.lang.Long::<init> (10 bytes)
Event: 1.383 Thread 0x000001c7f61b3370 nmethod 551 0x000001c7e1305290 code [0x000001c7e1305440, 0x000001c7e1305618]
Event: 1.413 Thread 0x000001c7f61b3370  552       3       java.lang.ClassLoader::preDefineClass (118 bytes)
Event: 1.415 Thread 0x000001c7f61b3370 nmethod 552 0x000001c7e1305710 code [0x000001c7e1305a80, 0x000001c7e1306d18]
Event: 1.419 Thread 0x000001c7f61ae6b0  553       4       java.util.concurrent.ConcurrentHashMap::setTabAt (20 bytes)
Event: 1.421 Thread 0x000001c7f61ae6b0 nmethod 553 0x000001c7e8764010 code [0x000001c7e8764180, 0x000001c7e8764298]

GC Heap History (0 events):
No events

Deoptimization events (20 events):
Event: 0.208 Thread 0x000001c7d9343200 DEOPT PACKING pc=0x000001c7e122a00c sp=0x00000060c00fd5f0
Event: 0.208 Thread 0x000001c7d9343200 DEOPT UNPACKING pc=0x000001c7e0cc2b43 sp=0x00000060c00fca80 mode 0
Event: 0.208 Thread 0x000001c7d9343200 DEOPT PACKING pc=0x000001c7e122a00c sp=0x00000060c00fd5f0
Event: 0.208 Thread 0x000001c7d9343200 DEOPT UNPACKING pc=0x000001c7e0cc2b43 sp=0x00000060c00fca80 mode 0
Event: 0.208 Thread 0x000001c7d9343200 DEOPT PACKING pc=0x000001c7e122a00c sp=0x00000060c00fd5f0
Event: 0.208 Thread 0x000001c7d9343200 DEOPT UNPACKING pc=0x000001c7e0cc2b43 sp=0x00000060c00fca80 mode 0
Event: 0.486 Thread 0x000001c7d9343200 DEOPT PACKING pc=0x000001c7e12280e7 sp=0x00000060c00fdda0
Event: 0.486 Thread 0x000001c7d9343200 DEOPT UNPACKING pc=0x000001c7e0cc2b43 sp=0x00000060c00fd1c0 mode 0
Event: 0.521 Thread 0x000001c7d9343200 DEOPT PACKING pc=0x000001c7e1227451 sp=0x00000060c00fdfd0
Event: 0.521 Thread 0x000001c7d9343200 DEOPT UNPACKING pc=0x000001c7e0cc2b43 sp=0x00000060c00fd448 mode 0
Event: 0.521 Thread 0x000001c7d9343200 DEOPT PACKING pc=0x000001c7e1227451 sp=0x00000060c00fdfd0
Event: 0.521 Thread 0x000001c7d9343200 DEOPT UNPACKING pc=0x000001c7e0cc2b43 sp=0x00000060c00fd448 mode 0
Event: 1.088 Thread 0x000001c7d9343200 Uncommon trap: trap_request=0xffffff45 fr.pc=0x000001c7e87452c0 relative=0x0000000000000660
Event: 1.088 Thread 0x000001c7d9343200 Uncommon trap: reason=unstable_if action=reinterpret pc=0x000001c7e87452c0 method=java.util.zip.ZipFile$Source.checkAndAddEntry(II)I @ 50 c2
Event: 1.088 Thread 0x000001c7d9343200 DEOPT PACKING pc=0x000001c7e87452c0 sp=0x00000060c00fa8f0
Event: 1.088 Thread 0x000001c7d9343200 DEOPT UNPACKING pc=0x000001c7e0cc23a3 sp=0x00000060c00fa868 mode 2
Event: 1.250 Thread 0x000001c7d9343200 DEOPT PACKING pc=0x000001c7e12947bf sp=0x00000060c00fb970
Event: 1.250 Thread 0x000001c7d9343200 DEOPT UNPACKING pc=0x000001c7e0cc2b43 sp=0x00000060c00fae00 mode 0
Event: 1.345 Thread 0x000001c7d9343200 DEOPT PACKING pc=0x000001c7e1245f56 sp=0x00000060c00fbed0
Event: 1.345 Thread 0x000001c7d9343200 DEOPT UNPACKING pc=0x000001c7e0cc2b43 sp=0x00000060c00fb358 mode 0

Classes loaded (20 events):
Event: 1.137 Loading class sun/net/www/protocol/jar/URLJarFile$URLJarFileCloseController done
Event: 1.137 Loading class sun/net/www/protocol/jar/JarFileFactory done
Event: 1.137 Loading class sun/net/www/protocol/file/FileURLConnection
Event: 1.138 Loading class sun/net/www/URLConnection
Event: 1.138 Loading class sun/net/www/URLConnection done
Event: 1.138 Loading class sun/net/www/protocol/file/FileURLConnection done
Event: 1.139 Loading class sun/net/www/MessageHeader
Event: 1.139 Loading class sun/net/www/MessageHeader done
Event: 1.139 Loading class sun/net/www/protocol/jar/URLJarFile
Event: 1.140 Loading class sun/net/www/protocol/jar/URLJarFile done
Event: 1.142 Loading class sun/net/www/protocol/jar/URLJarFile$URLJarFileEntry
Event: 1.142 Loading class sun/net/www/protocol/jar/URLJarFile$URLJarFileEntry done
Event: 1.142 Loading class sun/net/www/protocol/jar/JarURLConnection$JarURLInputStream
Event: 1.142 Loading class sun/net/www/protocol/jar/JarURLConnection$JarURLInputStream done
Event: 1.261 Loading class java/util/Collections$SingletonList
Event: 1.262 Loading class java/util/Collections$SingletonList done
Event: 1.357 Loading class java/lang/reflect/InvocationTargetException
Event: 1.357 Loading class java/lang/reflect/InvocationTargetException done
Event: 1.370 Loading class java/io/UnsupportedEncodingException
Event: 1.370 Loading class java/io/UnsupportedEncodingException done

Classes unloaded (0 events):
No events

Classes redefined (0 events):
No events

Internal exceptions (1 events):
Event: 0.400 Thread 0x000001c7d9343200 Exception <a 'java/lang/NoSuchMethodError'{0x00000000a7afa9e8}: 'java.lang.Object java.lang.invoke.DirectMethodHandle$Holder.invokeStaticInit(java.lang.Object)'> (0x00000000a7afa9e8) 
thrown [s\open\src\hotspot\share\interpreter\linkResolver.cpp, line 759]

VM Operations (8 events):
Event: 0.237 Executing VM operation: HandshakeAllThreads
Event: 0.237 Executing VM operation: HandshakeAllThreads done
Event: 0.520 Executing VM operation: HandshakeAllThreads
Event: 0.520 Executing VM operation: HandshakeAllThreads done
Event: 1.140 Executing VM operation: HandshakeAllThreads
Event: 1.140 Executing VM operation: HandshakeAllThreads done
Event: 1.140 Executing VM operation: Cleanup
Event: 1.141 Executing VM operation: Cleanup done

Events (20 events):
Event: 0.021 Loaded shared library C:\Program Files\Java\jdk-18.0.2.1\bin\java.dll
Event: 0.036 Loaded shared library C:\Program Files\Java\jdk-18.0.2.1\bin\jsvml.dll
Event: 0.037 Thread 0x000001c7d9343200 Thread added: 0x000001c7d9343200
Event: 0.043 Thread 0x000001c7f6171650 Thread added: 0x000001c7f6171650
Event: 0.043 Thread 0x000001c7f61767a0 Thread added: 0x000001c7f61767a0
Event: 0.072 Thread 0x000001c7f618bcf0 Thread added: 0x000001c7f618bcf0
Event: 0.072 Thread 0x000001c7f618c690 Thread added: 0x000001c7f618c690
Event: 0.072 Thread 0x000001c7f618d030 Thread added: 0x000001c7f618d030
Event: 0.072 Thread 0x000001c7f618d9d0 Thread added: 0x000001c7f618d9d0
Event: 0.072 Thread 0x000001c7f61ae6b0 Thread added: 0x000001c7f61ae6b0
Event: 0.078 Thread 0x000001c7f61b3370 Thread added: 0x000001c7f61b3370
Event: 0.092 Thread 0x000001c7f61b7900 Thread added: 0x000001c7f61b7900
Event: 0.149 Thread 0x000001c7fa49ee00 Thread added: 0x000001c7fa49ee00
Event: 0.154 Thread 0x000001c7fa4a92f0 Thread added: 0x000001c7fa4a92f0
Event: 0.161 Loaded shared library C:\Program Files\Java\jdk-18.0.2.1\bin\net.dll
Event: 0.166 Loaded shared library C:\Program Files\Java\jdk-18.0.2.1\bin\nio.dll
Event: 0.208 Thread 0x000001c7fa5325a0 Thread added: 0x000001c7fa5325a0
Event: 0.223 Loaded shared library C:\Program Files\Java\jdk-18.0.2.1\bin\zip.dll
Event: 0.959 Thread 0x000001c7fa5325a0 Thread exited: 0x000001c7fa5325a0
Event: 1.067 Loaded shared library C:\Program Files\Java\jdk-18.0.2.1\bin\jimage.dll


Dynamic libraries:
0x00007ff65af50000 - 0x00007ff65af60000 	C:\Program Files\Java\jdk-18.0.2.1\bin\java.exe
0x00007ffe16410000 - 0x00007ffe16624000 	C:\WINDOWS\SYSTEM32\ntdll.dll
0x00007ffe144c0000 - 0x00007ffe14583000 	C:\WINDOWS\System32\KERNEL32.DLL
0x00007ffe13ba0000 - 0x00007ffe13f3c000 	C:\WINDOWS\System32\KERNELBASE.dll
0x00007ffe14100000 - 0x00007ffe14211000 	C:\WINDOWS\System32\ucrtbase.dll
0x00007ffde0580000 - 0x00007ffde0598000 	C:\Program Files\Java\jdk-18.0.2.1\bin\jli.dll
0x00007ffe14590000 - 0x00007ffe1463e000 	C:\WINDOWS\System32\ADVAPI32.dll
0x00007ffdd5ca0000 - 0x00007ffdd5cba000 	C:\Program Files\Java\jdk-18.0.2.1\bin\VCRUNTIME140.dll
0x00007ffe16200000 - 0x00007ffe162a7000 	C:\WINDOWS\System32\msvcrt.dll
0x00007ffe15710000 - 0x00007ffe157b4000 	C:\WINDOWS\System32\sechost.dll
0x00007ffe162b0000 - 0x00007ffe163c5000 	C:\WINDOWS\System32\RPCRT4.dll
0x00007ffe16050000 - 0x00007ffe161fd000 	C:\WINDOWS\System32\USER32.dll
0x00007ffe13a80000 - 0x00007ffe13aa6000 	C:\WINDOWS\System32\win32u.dll
0x00007ffe152f0000 - 0x00007ffe15319000 	C:\WINDOWS\System32\GDI32.dll
0x00007ffe13f40000 - 0x00007ffe14053000 	C:\WINDOWS\System32\gdi32full.dll
0x00007ffdf4b00000 - 0x00007ffdf4d8e000 	C:\WINDOWS\WinSxS\amd64_microsoft.windows.common-controls_6595b64144ccf1df_6.0.22621.436_none_a94247dbc10d8414\COMCTL32.dll
0x00007ffe14060000 - 0x00007ffe140fa000 	C:\WINDOWS\System32\msvcp_win.dll
0x00007ffe0af10000 - 0x00007ffe0af1a000 	C:\WINDOWS\SYSTEM32\VERSION.dll
0x00007ffe15840000 - 0x00007ffe15871000 	C:\WINDOWS\System32\IMM32.DLL
0x00007ffde68f0000 - 0x00007ffde68fc000 	C:\Program Files\Java\jdk-18.0.2.1\bin\vcruntime140_1.dll
0x00007ffdc95d0000 - 0x00007ffdc965d000 	C:\Program Files\Java\jdk-18.0.2.1\bin\msvcp140.dll
0x00007ffdb48d0000 - 0x00007ffdb54e1000 	C:\Program Files\Java\jdk-18.0.2.1\bin\server\jvm.dll
0x00007ffe15880000 - 0x00007ffe15888000 	C:\WINDOWS\System32\PSAPI.DLL
0x00007ffde8360000 - 0x00007ffde8369000 	C:\WINDOWS\SYSTEM32\WSOCK32.dll
0x00007ffe15270000 - 0x00007ffe152e1000 	C:\WINDOWS\System32\WS2_32.dll
0x00007ffe0b230000 - 0x00007ffe0b264000 	C:\WINDOWS\SYSTEM32\WINMM.dll
0x00007ffe128a0000 - 0x00007ffe128b8000 	C:\WINDOWS\SYSTEM32\kernel.appcore.dll
0x00007ffde2630000 - 0x00007ffde263a000 	C:\Program Files\Java\jdk-18.0.2.1\bin\jimage.dll
0x00007ffe11310000 - 0x00007ffe1153e000 	C:\WINDOWS\SYSTEM32\DBGHELP.DLL
0x00007ffe15330000 - 0x00007ffe156b9000 	C:\WINDOWS\System32\combase.dll
0x00007ffe14220000 - 0x00007ffe142f7000 	C:\WINDOWS\System32\OLEAUT32.dll
0x00007ffdebe20000 - 0x00007ffdebe52000 	C:\WINDOWS\SYSTEM32\dbgcore.DLL
0x00007ffe13ab0000 - 0x00007ffe13b2b000 	C:\WINDOWS\System32\bcryptPrimitives.dll
0x00007ffdcad10000 - 0x00007ffdcad35000 	C:\Program Files\Java\jdk-18.0.2.1\bin\java.dll
0x00007ffddf420000 - 0x00007ffddf4f6000 	C:\Program Files\Java\jdk-18.0.2.1\bin\jsvml.dll
0x00007ffe147f0000 - 0x00007ffe14fe0000 	C:\WINDOWS\System32\SHELL32.dll
0x00007ffe11860000 - 0x00007ffe1212e000 	C:\WINDOWS\SYSTEM32\windows.storage.dll
0x00007ffe11720000 - 0x00007ffe1185e000 	C:\WINDOWS\SYSTEM32\wintypes.dll
0x00007ffe15170000 - 0x00007ffe15261000 	C:\WINDOWS\System32\SHCORE.dll
0x00007ffe14fe0000 - 0x00007ffe1503e000 	C:\WINDOWS\System32\shlwapi.dll
0x00007ffe13780000 - 0x00007ffe137a1000 	C:\WINDOWS\SYSTEM32\profapi.dll
0x00007ffe0ead0000 - 0x00007ffe0eae3000 	C:\Program Files\Java\jdk-18.0.2.1\bin\net.dll
0x00007ffe0bfd0000 - 0x00007ffe0c0ff000 	C:\WINDOWS\SYSTEM32\WINHTTP.dll
0x00007ffe12d10000 - 0x00007ffe12d79000 	C:\WINDOWS\system32\mswsock.dll
0x00007ffe0dc60000 - 0x00007ffe0dc76000 	C:\Program Files\Java\jdk-18.0.2.1\bin\nio.dll
0x00007ffdf1100000 - 0x00007ffdf1118000 	C:\Program Files\Java\jdk-18.0.2.1\bin\zip.dll

dbghelp: loaded successfully - version: 4.0.5 - missing functions: none
symbol engine: initialized successfully - sym options: 0x614 - pdb path: .;C:\Program Files\Java\jdk-18.0.2.1\bin;C:\WINDOWS\SYSTEM32;C:\WINDOWS\WinSxS\amd64_microsoft.windows.common-controls_6595b64144ccf1df_6.0.22621.436_none_a94247dbc10d8414;C:\Program Files\Java\jdk-18.0.2.1\bin\server

VM Arguments:
java_command: org.jetbrains.kotlin.cli.jvm.K2JVMCompiler @D:\Planny.ai\Groupathy\node_modules\react-native-safe-area-context\android\build\20230928_3985917716699205143.compiler.options
java_class_path (initial): C:\Users\Raman\.gradle\caches\modules-2\files-2.1\org.jetbrains.kotlin\kotlin-compiler-embeddable\1.6.20\18f66cca4301c12893ebe4ef47d65c3d9d2bff9b\kotlin-compiler-embeddable-1.6.20.jar;C:\Users\Raman\.gradle\caches\modules-2\files-2.1\org.jetbrains.kotlin\kotlin-reflect\1.6.20\669965154723f1a712e8677af0cc5470dfdab81c\kotlin-reflect-1.6.20.jar;C:\Users\Raman\.gradle\caches\modules-2\files-2.1\org.jetbrains.kotlin\kotlin-stdlib\1.6.20\6cedc143badbb4f1c6b7f5a340b04edff1743208\kotlin-stdlib-1.6.20.jar;C:\Users\Raman\.gradle\caches\modules-2\files-2.1\org.jetbrains.kotlin\kotlin-script-runtime\1.6.20\a115c367e0fd9c8909293b208689afca0c88a6f1\kotlin-script-runtime-1.6.20.jar;C:\Users\Raman\.gradle\caches\modules-2\files-2.1\org.jetbrains.kotlin\kotlin-daemon-embeddable\1.6.20\d4cac343029f48f106c57f457384771165d7deb5\kotlin-daemon-embeddable-1.6.20.jar;C:\Users\Raman\.gradle\caches\modules-2\files-2.1\org.jetbrains.intellij.deps\trove4j\1.0.20200330\3afb14d5f9ceb459d724e907a21145e8ff394f02\trove4j-1.0.20200330.jar;C:\Users\Raman\.gradle\caches\modules-2\files-2.1\net.java.dev.jna\jna\5.6.0\330f2244e9030119ab3030fc3fededc86713d9cc\jna-5.6.0.jar;C:\Users\Raman\.gradle\caches\modules-2\files-2.1\org.jetbrains.kotlin\kotlin-stdlib-common\1.6.20\27b4562b6713d70f458c6d7ea39aadacb8e6a92b\kotlin-stdlib-common-1.6.20.jar;C:\Users\Raman\.gradle\caches\modules-2\files-2.1\org.jetbrains\annotations\13.0\919f0dfe192fb4e063e7dacadee7f8bb9a2672a9\annotations-13.0.jar
Launcher Type: SUN_STANDARD

[Global flags]
     intx CICompilerCount                          = 4                                         {product} {ergonomic}
     uint ConcGCThreads                            = 2                                         {product} {ergonomic}
     uint G1ConcRefinementThreads                  = 8                                         {product} {ergonomic}
   size_t G1HeapRegionSize                         = 1048576                                   {product} {ergonomic}
    uintx GCDrainStackTargetSize                   = 64                                        {product} {ergonomic}
   size_t InitialHeapSize                          = 100663296                                 {product} {ergonomic}
   size_t MarkStackSize                            = 4194304                                   {product} {ergonomic}
   size_t MaxHeapSize                              = 1579155456                                {product} {ergonomic}
   size_t MaxNewSize                               = 946864128                                 {product} {ergonomic}
   size_t MinHeapDeltaBytes                        = 1048576                                   {product} {ergonomic}
   size_t MinHeapSize                              = 8388608                                   {product} {ergonomic}
    uintx NonNMethodCodeHeapSize                   = 5839372                                {pd product} {ergonomic}
    uintx NonProfiledCodeHeapSize                  = 122909434                              {pd product} {ergonomic}
    uintx ProfiledCodeHeapSize                     = 122909434                              {pd product} {ergonomic}
    uintx ReservedCodeCacheSize                    = 251658240                              {pd product} {ergonomic}
     bool SegmentedCodeCache                       = true                                      {product} {ergonomic}
   size_t SoftMaxHeapSize                          = 1579155456                             {manageable} {ergonomic}
     bool UseCompressedClassPointers               = true                           {product lp64_product} {ergonomic}
     bool UseCompressedOops                        = true                           {product lp64_product} {ergonomic}
     bool UseG1GC                                  = true                                      {product} {ergonomic}
     bool UseLargePagesIndividualAllocation        = false                                  {pd product} {ergonomic}

Logging:
Log output configuration:
 #0: stdout all=warning uptime,level,tags foldmultilines=false
 #1: stderr all=off uptime,level,tags foldmultilines=false

Environment Variables:
CLASSPATH=D:\Planny.ai\Groupathy\android\\gradle\wrapper\gradle-wrapper.jar
PATH=D:\Planny.ai\Groupathy\node_modules\.bin;D:\Planny.ai\Groupathy\node_modules\.bin;D:\Planny.ai\node_modules\.bin;D:\node_modules\.bin;C:\Users\Raman\AppData\Roaming\npm\node_modules\npm\node_modules\@npmcli\run-script\lib\node-gyp-bin;D:\Planny.ai\Groupathy\node_modules\.bin;D:\Planny.ai\Groupathy\node_modules\.bin;D:\Planny.ai\node_modules\.bin;D:\node_modules\.bin;C:\Users\Raman\AppData\Roaming\npm\node_modules\npm\node_modules\@npmcli\run-script\lib\node-gyp-bin;C:\Program Files\Common Files\Oracle\Java\javapath;C:\windows\system32;C:\windows;C:\windows\System32\Wbem;C:\windows\System32\WindowsPowerShell\v1.0\;C:\windows\System32\OpenSSH\;C:\Program Files (x86)\NVIDIA Corporation\PhysX\Common;C:\Program Files\NVIDIA Corporation\NVIDIA NvDLISR;C:\WINDOWS\system32;C:\WINDOWS;C:\WINDOWS\System32\Wbem;C:\WINDOWS\System32\WindowsPowerShell\v1.0\;C:\WINDOWS\System32\OpenSSH\;C:\Program Files\nodejs\;C:\Program Files\Git\cmd;C:\Users\Raman\AppData\Local\Android\Sdk\platform-tools;C:\Users\Raman\AppData\Local\Programs\Python\Python310\;C:\Users\Raman\AppData\Local\Programs\Python\Python310\Scripts\;C:\Users\Raman\AppData\Local\Programs\Python\Python310\;C:\Users\Raman\AppData\Local\Microsoft\WindowsApps;;C:\Users\Raman\AppData\Local\Programs\Microsoft VS Code\bin;C:\Users\Raman\AppData\Roaming\npm
USERNAME=Raman
LANG=en_US.UTF-8
OS=Windows_NT
PROCESSOR_IDENTIFIER=AMD64 Family 23 Model 24 Stepping 1, AuthenticAMD



---------------  S Y S T E M  ---------------

OS:
 Windows 11 , 64 bit Build 22621 (10.0.22621.1325)
OS uptime: 0 days 8:45 hours

CPU: total 8 (initial active 8) (8 cores per cpu, 2 threads per core) family 23 model 24 stepping 1 microcode 0x0, cx8, cmov, fxsr, ht, mmx, 3dnowpref, sse, sse2, sse3, ssse3, sse4a, sse4.1, sse4.2, popcnt, lzcnt, tsc, tscinvbit, avx, avx2, aes, clmul, bmi1, bmi2, adx, sha, fma, vzeroupper, clflush, clflushopt

Memory: 4k page, system-wide physical 6019M (892M free)
TotalPageFile size 24451M (AvailPageFile size 162M)
current process WorkingSet (physical memory assigned to process): 63M, peak: 63M
current process commit charge ("private bytes"): 185M, peak: 185M

vm_info: Java HotSpot(TM) 64-Bit Server VM (18.0.2.1+1-1) for windows-amd64 JRE (18.0.2.1+1-1), built on Aug 16 2022 01:46:33 by "mach5one" with MS VC++ 16.8 / 16.9 (VS2019)

END.
